  DirectionalLight.cpp
C:\Users\axel2\OneDrive - Facultad de Ingeniería UNAM\8 - Octavo Semestre\Computacion Grafica\Lab\Proyecto\ReposPro\PR\PR\DirectionalLight.cpp(18,14): warning C4244: 'argumento': conversión de 'GLfloat' a 'GLint'; posible pérdida de datos
C:\Users\axel2\OneDrive - Facultad de Ingeniería UNAM\8 - Octavo Semestre\Computacion Grafica\Lab\Proyecto\ReposPro\PR\PR\DirectionalLight.cpp(19,14): warning C4244: 'argumento': conversión de 'GLfloat' a 'GLint'; posible pérdida de datos
C:\Users\axel2\OneDrive - Facultad de Ingeniería UNAM\8 - Octavo Semestre\Computacion Grafica\Lab\Proyecto\ReposPro\PR\PR\DirectionalLight.cpp(21,14): warning C4244: 'argumento': conversión de 'GLfloat' a 'GLint'; posible pérdida de datos
C:\Users\axel2\OneDrive - Facultad de Ingeniería UNAM\8 - Octavo Semestre\Computacion Grafica\Lab\Proyecto\ReposPro\PR\PR\DirectionalLight.cpp(22,14): warning C4244: 'argumento': conversión de 'GLfloat' a 'GLint'; posible pérdida de datos
  PR.cpp
C:\Users\axel2\OneDrive - Facultad de Ingeniería UNAM\8 - Octavo Semestre\Computacion Grafica\Lab\Proyecto\ReposPro\PR\PR\Window.h(12,36): warning C4244: 'return': conversión de 'GLint' a 'GLfloat'; posible pérdida de datos
  (compilando archivo de origen "PR.cpp")
  
C:\Users\axel2\OneDrive - Facultad de Ingeniería UNAM\8 - Octavo Semestre\Computacion Grafica\Lab\Proyecto\ReposPro\PR\PR\Window.h(13,37): warning C4244: 'return': conversión de 'GLint' a 'GLfloat'; posible pérdida de datos
  (compilando archivo de origen "PR.cpp")
  
C:\Users\axel2\OneDrive - Facultad de Ingeniería UNAM\8 - Octavo Semestre\Computacion Grafica\Lab\Proyecto\ReposPro\PR\PR\PR.cpp(774,24): warning C4244: '=': conversión de 'double' a 'GLfloat'; posible pérdida de datos
C:\Users\axel2\OneDrive - Facultad de Ingeniería UNAM\8 - Octavo Semestre\Computacion Grafica\Lab\Proyecto\ReposPro\PR\PR\PR.cpp(778,15): warning C4244: 'inicializando': conversión de 'double' a 'GLfloat'; posible pérdida de datos
C:\Users\axel2\OneDrive - Facultad de Ingeniería UNAM\8 - Octavo Semestre\Computacion Grafica\Lab\Proyecto\ReposPro\PR\PR\PR.cpp(780,33): warning C4244: '+=': conversión de 'double' a 'GLfloat'; posible pérdida de datos
  PointLight.cpp
C:\Users\axel2\OneDrive - Facultad de Ingeniería UNAM\8 - Octavo Semestre\Computacion Grafica\Lab\Proyecto\ReposPro\PR\PR\PointLight.cpp(28,14): warning C4244: 'argumento': conversión de 'GLfloat' a 'GLint'; posible pérdida de datos
C:\Users\axel2\OneDrive - Facultad de Ingeniería UNAM\8 - Octavo Semestre\Computacion Grafica\Lab\Proyecto\ReposPro\PR\PR\PointLight.cpp(29,14): warning C4244: 'argumento': conversión de 'GLfloat' a 'GLint'; posible pérdida de datos
C:\Users\axel2\OneDrive - Facultad de Ingeniería UNAM\8 - Octavo Semestre\Computacion Grafica\Lab\Proyecto\ReposPro\PR\PR\PointLight.cpp(30,14): warning C4244: 'argumento': conversión de 'GLfloat' a 'GLint'; posible pérdida de datos
C:\Users\axel2\OneDrive - Facultad de Ingeniería UNAM\8 - Octavo Semestre\Computacion Grafica\Lab\Proyecto\ReposPro\PR\PR\PointLight.cpp(32,14): warning C4244: 'argumento': conversión de 'GLfloat' a 'GLint'; posible pérdida de datos
C:\Users\axel2\OneDrive - Facultad de Ingeniería UNAM\8 - Octavo Semestre\Computacion Grafica\Lab\Proyecto\ReposPro\PR\PR\PointLight.cpp(33,14): warning C4244: 'argumento': conversión de 'GLfloat' a 'GLint'; posible pérdida de datos
C:\Users\axel2\OneDrive - Facultad de Ingeniería UNAM\8 - Octavo Semestre\Computacion Grafica\Lab\Proyecto\ReposPro\PR\PR\PointLight.cpp(34,14): warning C4244: 'argumento': conversión de 'GLfloat' a 'GLint'; posible pérdida de datos
C:\Users\axel2\OneDrive - Facultad de Ingeniería UNAM\8 - Octavo Semestre\Computacion Grafica\Lab\Proyecto\ReposPro\PR\PR\PointLight.cpp(35,14): warning C4244: 'argumento': conversión de 'GLfloat' a 'GLint'; posible pérdida de datos
  Shader_light.cpp
C:\Users\axel2\OneDrive - Facultad de Ingeniería UNAM\8 - Octavo Semestre\Computacion Grafica\Lab\Proyecto\ReposPro\PR\PR\Shader_light.cpp(207,75): warning C4244: 'argumento': conversión de 'GLuint' a 'GLfloat'; posible pérdida de datos
C:\Users\axel2\OneDrive - Facultad de Ingeniería UNAM\8 - Octavo Semestre\Computacion Grafica\Lab\Proyecto\ReposPro\PR\PR\Shader_light.cpp(207,26): warning C4244: 'argumento': conversión de 'GLuint' a 'GLfloat'; posible pérdida de datos
C:\Users\axel2\OneDrive - Facultad de Ingeniería UNAM\8 - Octavo Semestre\Computacion Grafica\Lab\Proyecto\ReposPro\PR\PR\Shader_light.cpp(206,91): warning C4244: 'argumento': conversión de 'GLuint' a 'GLfloat'; posible pérdida de datos
C:\Users\axel2\OneDrive - Facultad de Ingeniería UNAM\8 - Octavo Semestre\Computacion Grafica\Lab\Proyecto\ReposPro\PR\PR\Shader_light.cpp(206,42): warning C4244: 'argumento': conversión de 'GLuint' a 'GLfloat'; posible pérdida de datos
C:\Users\axel2\OneDrive - Facultad de Ingeniería UNAM\8 - Octavo Semestre\Computacion Grafica\Lab\Proyecto\ReposPro\PR\PR\Shader_light.cpp(220,98): warning C4244: 'argumento': conversión de 'GLuint' a 'GLfloat'; posible pérdida de datos
C:\Users\axel2\OneDrive - Facultad de Ingeniería UNAM\8 - Octavo Semestre\Computacion Grafica\Lab\Proyecto\ReposPro\PR\PR\Shader_light.cpp(220,62): warning C4244: 'argumento': conversión de 'GLuint' a 'GLfloat'; posible pérdida de datos
C:\Users\axel2\OneDrive - Facultad de Ingeniería UNAM\8 - Octavo Semestre\Computacion Grafica\Lab\Proyecto\ReposPro\PR\PR\Shader_light.cpp(220,24): warning C4244: 'argumento': conversión de 'GLuint' a 'GLfloat'; posible pérdida de datos
C:\Users\axel2\OneDrive - Facultad de Ingeniería UNAM\8 - Octavo Semestre\Computacion Grafica\Lab\Proyecto\ReposPro\PR\PR\Shader_light.cpp(219,70): warning C4244: 'argumento': conversión de 'GLuint' a 'GLfloat'; posible pérdida de datos
C:\Users\axel2\OneDrive - Facultad de Ingeniería UNAM\8 - Octavo Semestre\Computacion Grafica\Lab\Proyecto\ReposPro\PR\PR\Shader_light.cpp(219,24): warning C4244: 'argumento': conversión de 'GLuint' a 'GLfloat'; posible pérdida de datos
C:\Users\axel2\OneDrive - Facultad de Ingeniería UNAM\8 - Octavo Semestre\Computacion Grafica\Lab\Proyecto\ReposPro\PR\PR\Shader_light.cpp(218,88): warning C4244: 'argumento': conversión de 'GLuint' a 'GLfloat'; posible pérdida de datos
C:\Users\axel2\OneDrive - Facultad de Ingeniería UNAM\8 - Octavo Semestre\Computacion Grafica\Lab\Proyecto\ReposPro\PR\PR\Shader_light.cpp(218,42): warning C4244: 'argumento': conversión de 'GLuint' a 'GLfloat'; posible pérdida de datos
  Skybox.cpp
  SpotLight.cpp
  Window.cpp
C:\Users\axel2\OneDrive - Facultad de Ingeniería UNAM\8 - Octavo Semestre\Computacion Grafica\Lab\Proyecto\ReposPro\PR\PR\Window.h(12,36): warning C4244: 'return': conversión de 'GLint' a 'GLfloat'; posible pérdida de datos
  (compilando archivo de origen "Window.cpp")
  
C:\Users\axel2\OneDrive - Facultad de Ingeniería UNAM\8 - Octavo Semestre\Computacion Grafica\Lab\Proyecto\ReposPro\PR\PR\Window.h(13,37): warning C4244: 'return': conversión de 'GLint' a 'GLfloat'; posible pérdida de datos
  (compilando archivo de origen "Window.cpp")
  
C:\Users\axel2\OneDrive - Facultad de Ingeniería UNAM\8 - Octavo Semestre\Computacion Grafica\Lab\Proyecto\ReposPro\PR\PR\Window.cpp(279,22): warning C4244: '=': conversión de 'double' a 'GLfloat'; posible pérdida de datos
C:\Users\axel2\OneDrive - Facultad de Ingeniería UNAM\8 - Octavo Semestre\Computacion Grafica\Lab\Proyecto\ReposPro\PR\PR\Window.cpp(280,22): warning C4244: '=': conversión de 'double' a 'GLfloat'; posible pérdida de datos
C:\Users\axel2\OneDrive - Facultad de Ingeniería UNAM\8 - Octavo Semestre\Computacion Grafica\Lab\Proyecto\ReposPro\PR\PR\Window.cpp(284,28): warning C4244: '=': conversión de 'double' a 'GLfloat'; posible pérdida de datos
C:\Users\axel2\OneDrive - Facultad de Ingeniería UNAM\8 - Octavo Semestre\Computacion Grafica\Lab\Proyecto\ReposPro\PR\PR\Window.cpp(285,40): warning C4244: '=': conversión de 'double' a 'GLfloat'; posible pérdida de datos
C:\Users\axel2\OneDrive - Facultad de Ingeniería UNAM\8 - Octavo Semestre\Computacion Grafica\Lab\Proyecto\ReposPro\PR\PR\Window.cpp(287,21): warning C4244: '=': conversión de 'double' a 'GLfloat'; posible pérdida de datos
C:\Users\axel2\OneDrive - Facultad de Ingeniería UNAM\8 - Octavo Semestre\Computacion Grafica\Lab\Proyecto\ReposPro\PR\PR\Window.cpp(288,21): warning C4244: '=': conversión de 'double' a 'GLfloat'; posible pérdida de datos
  Generando código...
C:\Users\axel2\OneDrive - Facultad de Ingeniería UNAM\8 - Octavo Semestre\Computacion Grafica\Lab\Proyecto\ReposPro\PR\PR\Window.cpp(82,1): warning C4715: 'Window::Initialise': no todas las rutas de acceso de control devuelven un valor
  LINK : no se encontró C:\Users\axel2\OneDrive - Facultad de Ingeniería UNAM\8 - Octavo Semestre\Computacion Grafica\Lab\Proyecto\ReposPro\PR\Debug\PR.exe o no lo generó el último vínculo incremental; ejecutando vínculo completo
LINK : warning LNK4098: la biblioteca predeterminada'MSVCRT' entra en conflicto con otras bibliotecas; use la biblioteca /NODEFAULTLIB:biblioteca
  PR.vcxproj -> C:\Users\axel2\OneDrive - Facultad de Ingeniería UNAM\8 - Octavo Semestre\Computacion Grafica\Lab\Proyecto\ReposPro\PR\Debug\PR.exe
